loading startup.jl
ERROR: LoadError: MethodError: no method matching hash_seed(::Vector{Int64})
The function `hash_seed` exists, but no method is defined for this combination of argument types.

Closest candidates are:
  hash_seed(!Matched::AbstractString)
   @ Random ~/.julia/juliaup/julia-1.11.5+0.x64.linux.gnu/share/julia/stdlib/v1.11/Random/src/RNGs.jl:324
  hash_seed(!Matched::Union{AbstractArray{UInt32}, AbstractArray{UInt64}})
   @ Random ~/.julia/juliaup/julia-1.11.5+0.x64.linux.gnu/share/julia/stdlib/v1.11/Random/src/RNGs.jl:314
  hash_seed(!Matched::Integer)
   @ Random ~/.julia/juliaup/julia-1.11.5+0.x64.linux.gnu/share/julia/stdlib/v1.11/Random/src/RNGs.jl:296

Stacktrace:
 [1] seed!(rng::TaskLocalRNG, seed::Vector{Int64})
   @ Random ~/.julia/juliaup/julia-1.11.5+0.x64.linux.gnu/share/julia/stdlib/v1.11/Random/src/Xoshiro.jl:259
 [2] seed!(seed::Vector{Int64})
   @ Random ~/.julia/juliaup/julia-1.11.5+0.x64.linux.gnu/share/julia/stdlib/v1.11/Random/src/RNGs.jl:428
 [3] run_tv(seed::Vector{Int64}, name::String, flowtype::Type{DeterministicMixFlow}, T::Int64, kernel_type::Type{MALA}, step_size::Float64; nsample::Int64, leapfrog_steps::Int64)
   @ Main ~/Research/MixFlow.jl/example/synthetic_tuning/tuning.jl:25
 [4] top-level scope
   @ ~/Research/MixFlow.jl/example/synthetic_tuning/work/ae/587dd22aed52c6a6934c34e06d6aaa/.command.sh:14
in expression starting at /home/zuheng/Research/MixFlow.jl/example/synthetic_tuning/work/ae/587dd22aed52c6a6934c34e06d6aaa/.command.sh:14
